
                               %%%%%%%%%%%%%%%
                          %%%%%%%%%%%%%%%%%%%%%%%%
                       %%%%%%%%%%%%%%%%%%%%%%%%%%%%%%
                     %%%%%%%%%%%%%%%%%%%%%%%%%%%%%%%%%%
                   %%%%%%%%%%%%%%%%%%%%%%%%%%%%%%%%%%%%%%
                  %%%%%%%%%%%%%%%%%%%%%%%%%%%%%%%%%%%%%%%%
                                   %%%%%%%%%%%%%%%%%%%%%%%%
                                    %%%%%%%%%%%%%%%%%%%%%%%%
                ###############      %%%%%%%%%%%%%%%%%%%%%%%%
               ##################     %%%%%%%%%%%%%%%%%%%%%%%
               ###################     %%%%%%%%%%%%%%%%%%%%%%%
               ####################     %%%%%%%%%%%%%%%%%%%%%%
               #####################     %%%%%%%%%%%%%%%%%%%%%
               ######################     %%%%%%%%%%%%%%%%%%%%
               #######################     %%%%%%%%%%%%%%%%%%
                #######################     %%%%%%%%%%%%%%%%%
                ######################     %%%%%%%%%%%%%%%%%
                 ####################     %%%%%%%%%%%%%%%%%
                   #################     %%%%%%%%%%%%%%%%%
                    ###############     %%%%%%%%%%%%%%%%
                      ############     %%%%%%%%%%%%%%%
                         ########     %%%%%%%%%%%%%%
                                     %%%%%%%%%%%

                   | The OpenMC Monte Carlo Code
         Copyright | 2011-2018 Massachusetts Institute of Technology
           License | http://openmc.readthedocs.io/en/latest/license.html
           Version | 0.10.0
          Git SHA1 | 52307037799ab7907eafcb91d7c1427f93de2c4a
         Date/Time | 2018-04-01 17:23:29
     MPI Processes | 2
    OpenMP Threads | 56

 Reading settings XML file...
 Reading cross sections XML file...
 Reading materials XML file...
 Reading geometry XML file...
 Building neighboring cells lists for each surface...
 Reading U234 from /home/salcedop/openmc/data/nndc_hdf5/U234.h5
 Loading Multipole XS table:
 /home/salcedop/wmp_data_vector_fitting/Windowed_Multipole_Library_v0.3/092234.h5
 Reading U235 from /home/salcedop/openmc/data/nndc_hdf5/U235.h5
 Loading Multipole XS table:
 /home/salcedop/wmp_data_vector_fitting/Windowed_Multipole_Library_v0.3/092235.h5
 Reading U238 from /home/salcedop/openmc/data/nndc_hdf5/U238.h5
 Loading Multipole XS table:
 /home/salcedop/wmp_data_vector_fitting/Windowed_Multipole_Library_v0.3/092238.h5
 Reading O16 from /home/salcedop/openmc/data/nndc_hdf5/O16.h5
 Loading Multipole XS table:
 /home/salcedop/wmp_data_vector_fitting/Windowed_Multipole_Library_v0.3/008016.h5
 Reading O17 from /home/salcedop/openmc/data/nndc_hdf5/O17.h5
 Loading Multipole XS table:
 /home/salcedop/wmp_data_vector_fitting/Windowed_Multipole_Library_v0.3/008017.h5
 Reading Zr90 from /home/salcedop/openmc/data/nndc_hdf5/Zr90.h5
 Loading Multipole XS table:
 /home/salcedop/wmp_data_vector_fitting/Windowed_Multipole_Library_v0.3/040090.h5
 Reading Zr91 from /home/salcedop/openmc/data/nndc_hdf5/Zr91.h5
 Loading Multipole XS table:
 /home/salcedop/wmp_data_vector_fitting/Windowed_Multipole_Library_v0.3/040091.h5
 Reading Zr92 from /home/salcedop/openmc/data/nndc_hdf5/Zr92.h5
 Loading Multipole XS table:
 /home/salcedop/wmp_data_vector_fitting/Windowed_Multipole_Library_v0.3/040092.h5
 Reading Zr94 from /home/salcedop/openmc/data/nndc_hdf5/Zr94.h5
 Loading Multipole XS table:
 /home/salcedop/wmp_data_vector_fitting/Windowed_Multipole_Library_v0.3/040094.h5
 Reading Zr96 from /home/salcedop/openmc/data/nndc_hdf5/Zr96.h5
 Loading Multipole XS table:
 /home/salcedop/wmp_data_vector_fitting/Windowed_Multipole_Library_v0.3/040096.h5
 Reading C0 from /home/salcedop/openmc/data/nndc_hdf5/C0.h5
 Loading Multipole XS table:
 /home/salcedop/wmp_data_vector_fitting/Windowed_Multipole_Library_v0.3/006000.h5
 Reading c_Graphite from /home/salcedop/openmc/data/nndc_hdf5/c_Graphite.h5
 Maximum neutron transport energy: 2.00000E+07 eV for U235
 Reading tallies XML file...
 Writing summary.h5 file...
 Initializing source particles...

 ====================>     K EIGENVALUE SIMULATION     <====================

  Bat./Gen.      k            Average k         
  =========   ========   ====================   
        1/1    0.49124                       
        2/1    0.49542                       
        3/1    0.49017                       
        4/1    0.49828                       
        5/1    0.49165                       
        6/1    0.49426                       
        7/1    0.49598                       
        8/1    0.49299                       
        9/1    0.49211                       
       10/1    0.49575                       
       11/1    0.49807                       
       12/1    0.48864                       
       13/1    0.49771                       
       14/1    0.49148                       
       15/1    0.49484                       
       16/1    0.49573                       
       17/1    0.48942                       
       18/1    0.49560                       
       19/1    0.49217                       
       20/1    0.49132                       
       21/1    0.49100                       
       22/1    0.49729                       
       23/1    0.49353                       
       24/1    0.49162                       
       25/1    0.49635                       
       26/1    0.49098                       
       27/1    0.49683    0.49390 +/- 0.00293
       28/1    0.49475    0.49419 +/- 0.00171
       29/1    0.49271    0.49382 +/- 0.00127
       30/1    0.49535    0.49412 +/- 0.00103
       31/1    0.49787    0.49475 +/- 0.00105
       32/1    0.48861    0.49387 +/- 0.00125
       33/1    0.49224    0.49367 +/- 0.00110
       34/1    0.49711    0.49405 +/- 0.00104
       35/1    0.49334    0.49398 +/- 0.00093
       36/1    0.49311    0.49390 +/- 0.00085
       37/1    0.49083    0.49364 +/- 0.00082
       38/1    0.49079    0.49343 +/- 0.00078
       39/1    0.49434    0.49349 +/- 0.00073
       40/1    0.49274    0.49344 +/- 0.00068
       41/1    0.49538    0.49356 +/- 0.00065
       42/1    0.49511    0.49365 +/- 0.00061
       43/1    0.49315    0.49362 +/- 0.00058
       44/1    0.49113    0.49349 +/- 0.00056
       45/1    0.49108    0.49337 +/- 0.00055
       46/1    0.49558    0.49348 +/- 0.00053
       47/1    0.49633    0.49361 +/- 0.00052
       48/1    0.49698    0.49375 +/- 0.00052
       49/1    0.49786    0.49392 +/- 0.00053
       50/1    0.49728    0.49406 +/- 0.00052
       51/1    0.48860    0.49385 +/- 0.00054
       52/1    0.49675    0.49396 +/- 0.00054
       53/1    0.49828    0.49411 +/- 0.00054
       54/1    0.49394    0.49410 +/- 0.00052
       55/1    0.49500    0.49413 +/- 0.00050
       56/1    0.49362    0.49412 +/- 0.00049
       57/1    0.49423    0.49412 +/- 0.00047
       58/1    0.48768    0.49393 +/- 0.00050
       59/1    0.48733    0.49373 +/- 0.00052
       60/1    0.49579    0.49379 +/- 0.00051
       61/1    0.49608    0.49385 +/- 0.00050
       62/1    0.49159    0.49379 +/- 0.00049
       63/1    0.49688    0.49387 +/- 0.00048
       64/1    0.49198    0.49383 +/- 0.00047
       65/1    0.49613    0.49388 +/- 0.00046
       66/1    0.48740    0.49373 +/- 0.00048
       67/1    0.49516    0.49376 +/- 0.00047
       68/1    0.49156    0.49371 +/- 0.00046
       69/1    0.48894    0.49360 +/- 0.00046
       70/1    0.49636    0.49366 +/- 0.00046
       71/1    0.49568    0.49371 +/- 0.00045
       72/1    0.49373    0.49371 +/- 0.00044
       73/1    0.49485    0.49373 +/- 0.00043
       74/1    0.49243    0.49370 +/- 0.00042
       75/1    0.49186    0.49367 +/- 0.00042
       76/1    0.49336    0.49366 +/- 0.00041
       77/1    0.48543    0.49350 +/- 0.00043
       78/1    0.49125    0.49346 +/- 0.00042
       79/1    0.49217    0.49344 +/- 0.00042
       80/1    0.49384    0.49344 +/- 0.00041
       81/1    0.49264    0.49343 +/- 0.00040
       82/1    0.49714    0.49349 +/- 0.00040
       83/1    0.49573    0.49353 +/- 0.00039
       84/1    0.49443    0.49355 +/- 0.00039
       85/1    0.49658    0.49360 +/- 0.00038
       86/1    0.49699    0.49365 +/- 0.00038
       87/1    0.49641    0.49370 +/- 0.00038
       88/1    0.49133    0.49366 +/- 0.00037
       89/1    0.49599    0.49370 +/- 0.00037
       90/1    0.49453    0.49371 +/- 0.00037
       91/1    0.49209    0.49369 +/- 0.00036
       92/1    0.49166    0.49366 +/- 0.00036
       93/1    0.49367    0.49366 +/- 0.00035
       94/1    0.49353    0.49365 +/- 0.00035
       95/1    0.49082    0.49361 +/- 0.00034
       96/1    0.49219    0.49359 +/- 0.00034
       97/1    0.49138    0.49356 +/- 0.00034
       98/1    0.49239    0.49355 +/- 0.00033
       99/1    0.49079    0.49351 +/- 0.00033
      100/1    0.49599    0.49354 +/- 0.00033
 Creating state point statepoint.100.h5...

 =======================>     TIMING STATISTICS     <=======================

 Total time for initialization     =  5.3976E+00 seconds
   Reading cross sections          =  5.2244E+00 seconds
 Total time in simulation          =  2.5617E+02 seconds
   Time in transport only          =  2.2716E+02 seconds
   Time in inactive batches        =  1.1967E+01 seconds
   Time in active batches          =  2.4420E+02 seconds
   Time synchronizing fission bank =  2.7388E+01 seconds
     Sampling source sites         =  1.0366E-01 seconds
     SEND/RECV source sites        =  3.3028E-02 seconds
   Time accumulating tallies       =  1.3037E-03 seconds
 Total time for finalization       =  1.9468E-03 seconds
 Total time elapsed                =  2.6179E+02 seconds
 Calculation Rate (inactive)       =  2.08908E+05 neutrons/second
 Calculation Rate (active)         =  30712.2 neutrons/second

 ============================>     RESULTS     <============================

 k-effective (Collision)     =  0.49341 +/-  0.00031
 k-effective (Track-length)  =  0.49354 +/-  0.00033
 k-effective (Absorption)    =  0.49345 +/-  0.00031
 Combined k-effective        =  0.49343 +/-  0.00026
 Leakage Fraction            =  0.00000 +/-  0.00000


                               %%%%%%%%%%%%%%%
                          %%%%%%%%%%%%%%%%%%%%%%%%
                       %%%%%%%%%%%%%%%%%%%%%%%%%%%%%%
                     %%%%%%%%%%%%%%%%%%%%%%%%%%%%%%%%%%
                   %%%%%%%%%%%%%%%%%%%%%%%%%%%%%%%%%%%%%%
                  %%%%%%%%%%%%%%%%%%%%%%%%%%%%%%%%%%%%%%%%
                                   %%%%%%%%%%%%%%%%%%%%%%%%
                                    %%%%%%%%%%%%%%%%%%%%%%%%
                ###############      %%%%%%%%%%%%%%%%%%%%%%%%
               ##################     %%%%%%%%%%%%%%%%%%%%%%%
               ###################     %%%%%%%%%%%%%%%%%%%%%%%
               ####################     %%%%%%%%%%%%%%%%%%%%%%
               #####################     %%%%%%%%%%%%%%%%%%%%%
               ######################     %%%%%%%%%%%%%%%%%%%%
               #######################     %%%%%%%%%%%%%%%%%%
                #######################     %%%%%%%%%%%%%%%%%
                ######################     %%%%%%%%%%%%%%%%%
                 ####################     %%%%%%%%%%%%%%%%%
                   #################     %%%%%%%%%%%%%%%%%
                    ###############     %%%%%%%%%%%%%%%%
                      ############     %%%%%%%%%%%%%%%
                         ########     %%%%%%%%%%%%%%
                                     %%%%%%%%%%%

                   | The OpenMC Monte Carlo Code
         Copyright | 2011-2018 Massachusetts Institute of Technology
           License | http://openmc.readthedocs.io/en/latest/license.html
           Version | 0.10.0
          Git SHA1 | 52307037799ab7907eafcb91d7c1427f93de2c4a
         Date/Time | 2018-04-01 17:27:51
     MPI Processes | 2
    OpenMP Threads | 56

 Reading settings XML file...
 Reading cross sections XML file...
 Reading materials XML file...
 Reading geometry XML file...
 Building neighboring cells lists for each surface...
 Reading U234 from /home/salcedop/openmc/data/nndc_hdf5/U234.h5
 Loading Multipole XS table:
 /home/salcedop/wmp_data_vector_fitting/Windowed_Multipole_Library_v0.3/092234.h5
 Reading U235 from /home/salcedop/openmc/data/nndc_hdf5/U235.h5
 Loading Multipole XS table:
 /home/salcedop/wmp_data_vector_fitting/Windowed_Multipole_Library_v0.3/092235.h5
 Reading U238 from /home/salcedop/openmc/data/nndc_hdf5/U238.h5
 Loading Multipole XS table:
 /home/salcedop/wmp_data_vector_fitting/Windowed_Multipole_Library_v0.3/092238.h5
 Reading O16 from /home/salcedop/openmc/data/nndc_hdf5/O16.h5
 Loading Multipole XS table:
 /home/salcedop/wmp_data_vector_fitting/Windowed_Multipole_Library_v0.3/008016.h5
 Reading O17 from /home/salcedop/openmc/data/nndc_hdf5/O17.h5
 Loading Multipole XS table:
 /home/salcedop/wmp_data_vector_fitting/Windowed_Multipole_Library_v0.3/008017.h5
 Reading Zr90 from /home/salcedop/openmc/data/nndc_hdf5/Zr90.h5
 Loading Multipole XS table:
 /home/salcedop/wmp_data_vector_fitting/Windowed_Multipole_Library_v0.3/040090.h5
 Reading Zr91 from /home/salcedop/openmc/data/nndc_hdf5/Zr91.h5
 Loading Multipole XS table:
 /home/salcedop/wmp_data_vector_fitting/Windowed_Multipole_Library_v0.3/040091.h5
 Reading Zr92 from /home/salcedop/openmc/data/nndc_hdf5/Zr92.h5
 Loading Multipole XS table:
 /home/salcedop/wmp_data_vector_fitting/Windowed_Multipole_Library_v0.3/040092.h5
 Reading Zr94 from /home/salcedop/openmc/data/nndc_hdf5/Zr94.h5
 Loading Multipole XS table:
 /home/salcedop/wmp_data_vector_fitting/Windowed_Multipole_Library_v0.3/040094.h5
 Reading Zr96 from /home/salcedop/openmc/data/nndc_hdf5/Zr96.h5
 Loading Multipole XS table:
 /home/salcedop/wmp_data_vector_fitting/Windowed_Multipole_Library_v0.3/040096.h5
 Reading C0 from /home/salcedop/openmc/data/nndc_hdf5/C0.h5
 Loading Multipole XS table:
 /home/salcedop/wmp_data_vector_fitting/Windowed_Multipole_Library_v0.3/006000.h5
 Reading c_Graphite from /home/salcedop/openmc/data/nndc_hdf5/c_Graphite.h5
 Maximum neutron transport energy: 2.00000E+07 eV for U235
 Reading tallies XML file...
 Writing summary.h5 file...
 Initializing source particles...

 ====================>     K EIGENVALUE SIMULATION     <====================

  Bat./Gen.      k            Average k         
  =========   ========   ====================   
        1/1    0.93194                       
        2/1    0.93836                       
        3/1    0.93221                       
        4/1    0.93022                       
        5/1    0.93470                       
        6/1    0.92589                       
        7/1    0.93048                       
        8/1    0.92741                       
        9/1    0.93432                       
       10/1    0.93258                       
       11/1    0.93411                       
       12/1    0.92699                       
       13/1    0.92912                       
       14/1    0.93173                       
       15/1    0.92794                       
       16/1    0.93203                       
       17/1    0.92806                       
       18/1    0.92525                       
       19/1    0.92037                       
       20/1    0.92376                       
       21/1    0.92865                       
       22/1    0.92688                       
       23/1    0.92924                       
       24/1    0.92938                       
       25/1    0.92428                       
       26/1    0.92775                       
       27/1    0.92574    0.92674 +/- 0.00101
       28/1    0.92940    0.92763 +/- 0.00106
       29/1    0.93436    0.92931 +/- 0.00184
       30/1    0.93529    0.93051 +/- 0.00186
       31/1    0.92352    0.92934 +/- 0.00191
       32/1    0.93265    0.92982 +/- 0.00169
       33/1    0.92479    0.92919 +/- 0.00159
       34/1    0.93058    0.92934 +/- 0.00141
       35/1    0.93121    0.92953 +/- 0.00128
       36/1    0.92927    0.92951 +/- 0.00115
       37/1    0.93112    0.92964 +/- 0.00106
       38/1    0.93081    0.92973 +/- 0.00098
       39/1    0.92882    0.92966 +/- 0.00091
       40/1    0.93197    0.92982 +/- 0.00086
       41/1    0.93005    0.92983 +/- 0.00081
       42/1    0.93814    0.93032 +/- 0.00090
       43/1    0.93726    0.93071 +/- 0.00093
       44/1    0.92827    0.93058 +/- 0.00089
       45/1    0.92891    0.93049 +/- 0.00085
       46/1    0.92922    0.93043 +/- 0.00081
       47/1    0.92584    0.93023 +/- 0.00080
       48/1    0.93381    0.93038 +/- 0.00078
       49/1    0.92810    0.93029 +/- 0.00075
       50/1    0.93051    0.93029 +/- 0.00072
       51/1    0.93373    0.93043 +/- 0.00071
       52/1    0.93524    0.93061 +/- 0.00070
       53/1    0.93177    0.93065 +/- 0.00068
       54/1    0.93297    0.93073 +/- 0.00066
       55/1    0.93407    0.93084 +/- 0.00065
       56/1    0.93690    0.93103 +/- 0.00066
       57/1    0.93459    0.93115 +/- 0.00064
       58/1    0.93347    0.93122 +/- 0.00063
       59/1    0.92848    0.93114 +/- 0.00062
       60/1    0.93213    0.93116 +/- 0.00060
       61/1    0.93411    0.93125 +/- 0.00059
       62/1    0.92489    0.93107 +/- 0.00060
       63/1    0.92921    0.93102 +/- 0.00058
       64/1    0.93537    0.93114 +/- 0.00058
       65/1    0.93197    0.93116 +/- 0.00056
       66/1    0.93361    0.93122 +/- 0.00055
       67/1    0.93257    0.93125 +/- 0.00054
       68/1    0.92468    0.93110 +/- 0.00055
       69/1    0.92813    0.93103 +/- 0.00054
       70/1    0.93702    0.93116 +/- 0.00055
       71/1    0.93077    0.93115 +/- 0.00053
       72/1    0.92594    0.93104 +/- 0.00053
       73/1    0.92856    0.93099 +/- 0.00053
       74/1    0.93237    0.93102 +/- 0.00052
       75/1    0.93226    0.93104 +/- 0.00051
       76/1    0.92544    0.93093 +/- 0.00051
       77/1    0.93468    0.93101 +/- 0.00050
       78/1    0.92876    0.93096 +/- 0.00049
       79/1    0.92825    0.93091 +/- 0.00049
       80/1    0.93520    0.93099 +/- 0.00049
       81/1    0.92115    0.93082 +/- 0.00051
       82/1    0.92956    0.93079 +/- 0.00050
       83/1    0.93390    0.93085 +/- 0.00049
       84/1    0.93022    0.93084 +/- 0.00049
       85/1    0.93115    0.93084 +/- 0.00048
       86/1    0.93801    0.93096 +/- 0.00048
       87/1    0.92780    0.93091 +/- 0.00048
       88/1    0.92697    0.93085 +/- 0.00048
       89/1    0.92973    0.93083 +/- 0.00047
       90/1    0.92945    0.93081 +/- 0.00046
       91/1    0.92730    0.93075 +/- 0.00046
       92/1    0.92758    0.93071 +/- 0.00045
       93/1    0.92920    0.93068 +/- 0.00045
       94/1    0.92803    0.93065 +/- 0.00044
       95/1    0.92664    0.93059 +/- 0.00044
       96/1    0.92521    0.93051 +/- 0.00044
       97/1    0.93546    0.93058 +/- 0.00044
       98/1    0.93069    0.93058 +/- 0.00043
       99/1    0.92581    0.93052 +/- 0.00043
      100/1    0.92907    0.93050 +/- 0.00043
 Creating state point statepoint.100.h5...

 =======================>     TIMING STATISTICS     <=======================

 Total time for initialization     =  6.9294E+00 seconds
   Reading cross sections          =  6.7769E+00 seconds
 Total time in simulation          =  2.4931E+02 seconds
   Time in transport only          =  2.4085E+02 seconds
   Time in inactive batches        =  9.7322E+00 seconds
   Time in active batches          =  2.3958E+02 seconds
   Time synchronizing fission bank =  5.4003E+00 seconds
     Sampling source sites         =  1.0609E-01 seconds
     SEND/RECV source sites        =  3.2241E-02 seconds
   Time accumulating tallies       =  1.2777E-03 seconds
 Total time for finalization       =  2.5291E-03 seconds
 Total time elapsed                =  2.5651E+02 seconds
 Calculation Rate (inactive)       =  2.56880E+05 neutrons/second
 Calculation Rate (active)         =  31305.1 neutrons/second

 ============================>     RESULTS     <============================

 k-effective (Collision)     =  0.93065 +/-  0.00039
 k-effective (Track-length)  =  0.93050 +/-  0.00043
 k-effective (Absorption)    =  0.93039 +/-  0.00036
 Combined k-effective        =  0.93053 +/-  0.00031
 Leakage Fraction            =  0.00000 +/-  0.00000


                               %%%%%%%%%%%%%%%
                          %%%%%%%%%%%%%%%%%%%%%%%%
                       %%%%%%%%%%%%%%%%%%%%%%%%%%%%%%
                     %%%%%%%%%%%%%%%%%%%%%%%%%%%%%%%%%%
                   %%%%%%%%%%%%%%%%%%%%%%%%%%%%%%%%%%%%%%
                  %%%%%%%%%%%%%%%%%%%%%%%%%%%%%%%%%%%%%%%%
                                   %%%%%%%%%%%%%%%%%%%%%%%%
                                    %%%%%%%%%%%%%%%%%%%%%%%%
                ###############      %%%%%%%%%%%%%%%%%%%%%%%%
               ##################     %%%%%%%%%%%%%%%%%%%%%%%
               ###################     %%%%%%%%%%%%%%%%%%%%%%%
               ####################     %%%%%%%%%%%%%%%%%%%%%%
               #####################     %%%%%%%%%%%%%%%%%%%%%
               ######################     %%%%%%%%%%%%%%%%%%%%
               #######################     %%%%%%%%%%%%%%%%%%
                #######################     %%%%%%%%%%%%%%%%%
                ######################     %%%%%%%%%%%%%%%%%
                 ####################     %%%%%%%%%%%%%%%%%
                   #################     %%%%%%%%%%%%%%%%%
                    ###############     %%%%%%%%%%%%%%%%
                      ############     %%%%%%%%%%%%%%%
                         ########     %%%%%%%%%%%%%%
                                     %%%%%%%%%%%

                   | The OpenMC Monte Carlo Code
         Copyright | 2011-2018 Massachusetts Institute of Technology
           License | http://openmc.readthedocs.io/en/latest/license.html
           Version | 0.10.0
          Git SHA1 | 52307037799ab7907eafcb91d7c1427f93de2c4a
         Date/Time | 2018-04-01 17:32:07
     MPI Processes | 2
    OpenMP Threads | 56

 Reading settings XML file...
 Reading cross sections XML file...
 Reading materials XML file...
 Reading geometry XML file...
 Building neighboring cells lists for each surface...
 Reading U234 from /home/salcedop/openmc/data/nndc_hdf5/U234.h5
 Loading Multipole XS table:
 /home/salcedop/wmp_data_vector_fitting/Windowed_Multipole_Library_v0.3/092234.h5
 Reading U235 from /home/salcedop/openmc/data/nndc_hdf5/U235.h5
 Loading Multipole XS table:
 /home/salcedop/wmp_data_vector_fitting/Windowed_Multipole_Library_v0.3/092235.h5
 Reading U238 from /home/salcedop/openmc/data/nndc_hdf5/U238.h5
 Loading Multipole XS table:
 /home/salcedop/wmp_data_vector_fitting/Windowed_Multipole_Library_v0.3/092238.h5
 Reading O16 from /home/salcedop/openmc/data/nndc_hdf5/O16.h5
 Loading Multipole XS table:
 /home/salcedop/wmp_data_vector_fitting/Windowed_Multipole_Library_v0.3/008016.h5
 Reading O17 from /home/salcedop/openmc/data/nndc_hdf5/O17.h5
 Loading Multipole XS table:
 /home/salcedop/wmp_data_vector_fitting/Windowed_Multipole_Library_v0.3/008017.h5
 Reading Zr90 from /home/salcedop/openmc/data/nndc_hdf5/Zr90.h5
 Loading Multipole XS table:
 /home/salcedop/wmp_data_vector_fitting/Windowed_Multipole_Library_v0.3/040090.h5
 Reading Zr91 from /home/salcedop/openmc/data/nndc_hdf5/Zr91.h5
 Loading Multipole XS table:
 /home/salcedop/wmp_data_vector_fitting/Windowed_Multipole_Library_v0.3/040091.h5
 Reading Zr92 from /home/salcedop/openmc/data/nndc_hdf5/Zr92.h5
 Loading Multipole XS table:
 /home/salcedop/wmp_data_vector_fitting/Windowed_Multipole_Library_v0.3/040092.h5
 Reading Zr94 from /home/salcedop/openmc/data/nndc_hdf5/Zr94.h5
 Loading Multipole XS table:
 /home/salcedop/wmp_data_vector_fitting/Windowed_Multipole_Library_v0.3/040094.h5
 Reading Zr96 from /home/salcedop/openmc/data/nndc_hdf5/Zr96.h5
 Loading Multipole XS table:
 /home/salcedop/wmp_data_vector_fitting/Windowed_Multipole_Library_v0.3/040096.h5
 Reading C0 from /home/salcedop/openmc/data/nndc_hdf5/C0.h5
 Loading Multipole XS table:
 /home/salcedop/wmp_data_vector_fitting/Windowed_Multipole_Library_v0.3/006000.h5
 Reading c_Graphite from /home/salcedop/openmc/data/nndc_hdf5/c_Graphite.h5
 Maximum neutron transport energy: 2.00000E+07 eV for U235
 Reading tallies XML file...
 Writing summary.h5 file...
 Initializing source particles...

 ====================>     K EIGENVALUE SIMULATION     <====================

  Bat./Gen.      k            Average k         
  =========   ========   ====================   
        1/1    1.02259                       
        2/1    1.02673                       
        3/1    1.01666                       
        4/1    1.01980                       
        5/1    1.02047                       
        6/1    1.01754                       
        7/1    1.02363                       
        8/1    1.02867                       
        9/1    1.02574                       
       10/1    1.02725                       
       11/1    1.02364                       
       12/1    1.01706                       
       13/1    1.01022                       
       14/1    1.02354                       
       15/1    1.02664                       
       16/1    1.01641                       
       17/1    1.02094                       
       18/1    1.02516                       
       19/1    1.02035                       
       20/1    1.01683                       
       21/1    1.01743                       
       22/1    1.02342                       
       23/1    1.02579                       
       24/1    1.01944                       
       25/1    1.01941                       
       26/1    1.02748                       
       27/1    1.02004    1.02376 +/- 0.00372
       28/1    1.01750    1.02167 +/- 0.00299
       29/1    1.01780    1.02071 +/- 0.00233
       30/1    1.03108    1.02278 +/- 0.00275
       31/1    1.02454    1.02307 +/- 0.00226
       32/1    1.02133    1.02282 +/- 0.00193
       33/1    1.01937    1.02239 +/- 0.00173
       34/1    1.02190    1.02234 +/- 0.00152
       35/1    1.03088    1.02319 +/- 0.00161
       36/1    1.02120    1.02301 +/- 0.00147
       37/1    1.02315    1.02302 +/- 0.00134
       38/1    1.01738    1.02259 +/- 0.00131
       39/1    1.02023    1.02242 +/- 0.00122
       40/1    1.02271    1.02244 +/- 0.00114
       41/1    1.02327    1.02249 +/- 0.00106
       42/1    1.02285    1.02251 +/- 0.00100
       43/1    1.01677    1.02219 +/- 0.00099
       44/1    1.02122    1.02214 +/- 0.00094
       45/1    1.02180    1.02213 +/- 0.00089
       46/1    1.02345    1.02219 +/- 0.00085
       47/1    1.02553    1.02234 +/- 0.00083
       48/1    1.02409    1.02242 +/- 0.00079
       49/1    1.01608    1.02215 +/- 0.00080
       50/1    1.01913    1.02203 +/- 0.00078
       51/1    1.01523    1.02177 +/- 0.00080
       52/1    1.02280    1.02181 +/- 0.00077
       53/1    1.02808    1.02203 +/- 0.00077
       54/1    1.02164    1.02202 +/- 0.00074
       55/1    1.02383    1.02208 +/- 0.00072
       56/1    1.02172    1.02207 +/- 0.00070
       57/1    1.01890    1.02197 +/- 0.00068
       58/1    1.02326    1.02201 +/- 0.00066
       59/1    1.02343    1.02205 +/- 0.00064
       60/1    1.02262    1.02207 +/- 0.00063
       61/1    1.02182    1.02206 +/- 0.00061
       62/1    1.02383    1.02211 +/- 0.00059
       63/1    1.01703    1.02197 +/- 0.00059
       64/1    1.02274    1.02199 +/- 0.00058
       65/1    1.02522    1.02207 +/- 0.00057
       66/1    1.02081    1.02204 +/- 0.00056
       67/1    1.02460    1.02210 +/- 0.00055
       68/1    1.02065    1.02207 +/- 0.00053
       69/1    1.02511    1.02214 +/- 0.00053
       70/1    1.01964    1.02208 +/- 0.00052
       71/1    1.02084    1.02206 +/- 0.00051
       72/1    1.02222    1.02206 +/- 0.00050
       73/1    1.02121    1.02204 +/- 0.00049
       74/1    1.01981    1.02200 +/- 0.00048
       75/1    1.02464    1.02205 +/- 0.00047
       76/1    1.01984    1.02201 +/- 0.00046
       77/1    1.02387    1.02204 +/- 0.00046
       78/1    1.03129    1.02222 +/- 0.00048
       79/1    1.01661    1.02211 +/- 0.00048
       80/1    1.01928    1.02206 +/- 0.00048
       81/1    1.02131    1.02205 +/- 0.00047
       82/1    1.02255    1.02206 +/- 0.00046
       83/1    1.02957    1.02219 +/- 0.00047
       84/1    1.02146    1.02217 +/- 0.00046
       85/1    1.02367    1.02220 +/- 0.00046
       86/1    1.02053    1.02217 +/- 0.00045
       87/1    1.01816    1.02211 +/- 0.00045
       88/1    1.01969    1.02207 +/- 0.00044
       89/1    1.01971    1.02203 +/- 0.00044
       90/1    1.02171    1.02203 +/- 0.00043
       91/1    1.01996    1.02200 +/- 0.00042
       92/1    1.01361    1.02187 +/- 0.00044
       93/1    1.01561    1.02178 +/- 0.00044
       94/1    1.02299    1.02180 +/- 0.00043
       95/1    1.01775    1.02174 +/- 0.00043
       96/1    1.02258    1.02175 +/- 0.00042
       97/1    1.03095    1.02188 +/- 0.00044
       98/1    1.02110    1.02187 +/- 0.00043
       99/1    1.02835    1.02195 +/- 0.00043
      100/1    1.01527    1.02187 +/- 0.00044
 Creating state point statepoint.100.h5...

 =======================>     TIMING STATISTICS     <=======================

 Total time for initialization     =  7.4256E+00 seconds
   Reading cross sections          =  7.2235E+00 seconds
 Total time in simulation          =  3.4845E+02 seconds
   Time in transport only          =  3.2874E+02 seconds
   Time in inactive batches        =  1.2319E+01 seconds
   Time in active batches          =  3.3613E+02 seconds
   Time synchronizing fission bank =  1.4440E+01 seconds
     Sampling source sites         =  1.0756E-01 seconds
     SEND/RECV source sites        =  3.2292E-02 seconds
   Time accumulating tallies       =  1.2696E-03 seconds
 Total time for finalization       =  1.3881E-02 seconds
 Total time elapsed                =  3.5609E+02 seconds
 Calculation Rate (inactive)       =  2.02938E+05 neutrons/second
 Calculation Rate (active)         =  22312.6 neutrons/second

 ============================>     RESULTS     <============================

 k-effective (Collision)     =  1.02211 +/-  0.00038
 k-effective (Track-length)  =  1.02187 +/-  0.00044
 k-effective (Absorption)    =  1.02188 +/-  0.00040
 Combined k-effective        =  1.02200 +/-  0.00030
 Leakage Fraction            =  0.00000 +/-  0.00000


                               %%%%%%%%%%%%%%%
                          %%%%%%%%%%%%%%%%%%%%%%%%
                       %%%%%%%%%%%%%%%%%%%%%%%%%%%%%%
                     %%%%%%%%%%%%%%%%%%%%%%%%%%%%%%%%%%
                   %%%%%%%%%%%%%%%%%%%%%%%%%%%%%%%%%%%%%%
                  %%%%%%%%%%%%%%%%%%%%%%%%%%%%%%%%%%%%%%%%
                                   %%%%%%%%%%%%%%%%%%%%%%%%
                                    %%%%%%%%%%%%%%%%%%%%%%%%
                ###############      %%%%%%%%%%%%%%%%%%%%%%%%
               ##################     %%%%%%%%%%%%%%%%%%%%%%%
               ###################     %%%%%%%%%%%%%%%%%%%%%%%
               ####################     %%%%%%%%%%%%%%%%%%%%%%
               #####################     %%%%%%%%%%%%%%%%%%%%%
               ######################     %%%%%%%%%%%%%%%%%%%%
               #######################     %%%%%%%%%%%%%%%%%%
                #######################     %%%%%%%%%%%%%%%%%
                ######################     %%%%%%%%%%%%%%%%%
                 ####################     %%%%%%%%%%%%%%%%%
                   #################     %%%%%%%%%%%%%%%%%
                    ###############     %%%%%%%%%%%%%%%%
                      ############     %%%%%%%%%%%%%%%
                         ########     %%%%%%%%%%%%%%
                                     %%%%%%%%%%%

                   | The OpenMC Monte Carlo Code
         Copyright | 2011-2018 Massachusetts Institute of Technology
           License | http://openmc.readthedocs.io/en/latest/license.html
           Version | 0.10.0
          Git SHA1 | 52307037799ab7907eafcb91d7c1427f93de2c4a
         Date/Time | 2018-04-01 17:38:04
     MPI Processes | 2
    OpenMP Threads | 56

 Reading settings XML file...
 Reading cross sections XML file...
 Reading materials XML file...
 Reading geometry XML file...
 Building neighboring cells lists for each surface...
 Reading U234 from /home/salcedop/openmc/data/nndc_hdf5/U234.h5
 Loading Multipole XS table:
 /home/salcedop/wmp_data_vector_fitting/Windowed_Multipole_Library_v0.3/092234.h5
 Reading U235 from /home/salcedop/openmc/data/nndc_hdf5/U235.h5
 Loading Multipole XS table:
 /home/salcedop/wmp_data_vector_fitting/Windowed_Multipole_Library_v0.3/092235.h5
 Reading U238 from /home/salcedop/openmc/data/nndc_hdf5/U238.h5
 Loading Multipole XS table:
 /home/salcedop/wmp_data_vector_fitting/Windowed_Multipole_Library_v0.3/092238.h5
 Reading O16 from /home/salcedop/openmc/data/nndc_hdf5/O16.h5
 Loading Multipole XS table:
 /home/salcedop/wmp_data_vector_fitting/Windowed_Multipole_Library_v0.3/008016.h5
 Reading O17 from /home/salcedop/openmc/data/nndc_hdf5/O17.h5
 Loading Multipole XS table:
 /home/salcedop/wmp_data_vector_fitting/Windowed_Multipole_Library_v0.3/008017.h5
 Reading Zr90 from /home/salcedop/openmc/data/nndc_hdf5/Zr90.h5
 Loading Multipole XS table:
 /home/salcedop/wmp_data_vector_fitting/Windowed_Multipole_Library_v0.3/040090.h5
 Reading Zr91 from /home/salcedop/openmc/data/nndc_hdf5/Zr91.h5
 Loading Multipole XS table:
 /home/salcedop/wmp_data_vector_fitting/Windowed_Multipole_Library_v0.3/040091.h5
 Reading Zr92 from /home/salcedop/openmc/data/nndc_hdf5/Zr92.h5
 Loading Multipole XS table:
 /home/salcedop/wmp_data_vector_fitting/Windowed_Multipole_Library_v0.3/040092.h5
 Reading Zr94 from /home/salcedop/openmc/data/nndc_hdf5/Zr94.h5
 Loading Multipole XS table:
 /home/salcedop/wmp_data_vector_fitting/Windowed_Multipole_Library_v0.3/040094.h5
 Reading Zr96 from /home/salcedop/openmc/data/nndc_hdf5/Zr96.h5
 Loading Multipole XS table:
 /home/salcedop/wmp_data_vector_fitting/Windowed_Multipole_Library_v0.3/040096.h5
 Reading C0 from /home/salcedop/openmc/data/nndc_hdf5/C0.h5
 Loading Multipole XS table:
 /home/salcedop/wmp_data_vector_fitting/Windowed_Multipole_Library_v0.3/006000.h5
 Reading c_Graphite from /home/salcedop/openmc/data/nndc_hdf5/c_Graphite.h5
 Maximum neutron transport energy: 2.00000E+07 eV for U235
 Reading tallies XML file...
 Writing summary.h5 file...
 Initializing source particles...

 ====================>     K EIGENVALUE SIMULATION     <====================

  Bat./Gen.      k            Average k         
  =========   ========   ====================   
        1/1    0.99259                       
        2/1    0.99206                       
        3/1    0.99520                       
        4/1    0.99538                       
        5/1    1.00227                       
        6/1    0.98788                       
        7/1    0.99278                       
        8/1    0.99008                       
        9/1    0.99243                       
       10/1    0.99069                       
       11/1    0.99795                       
       12/1    0.99287                       
       13/1    0.99424                       
       14/1    0.98619                       
       15/1    0.98423                       
       16/1    0.99282                       
       17/1    0.99221                       
       18/1    0.98647                       
       19/1    0.99977                       
       20/1    0.98639                       
       21/1    0.99672                       
       22/1    0.98419                       
       23/1    0.99095                       
       24/1    0.99377                       
       25/1    0.99010                       
       26/1    0.98740                       
       27/1    0.98854    0.98797 +/- 0.00057
       28/1    0.99262    0.98952 +/- 0.00158
       29/1    0.99663    0.99130 +/- 0.00210
       30/1    0.98895    0.99083 +/- 0.00169
       31/1    0.99687    0.99184 +/- 0.00171
       32/1    0.99190    0.99185 +/- 0.00145
       33/1    0.99420    0.99214 +/- 0.00129
       34/1    0.98562    0.99142 +/- 0.00135
       35/1    0.98364    0.99064 +/- 0.00143
       36/1    0.98675    0.99028 +/- 0.00134
       37/1    0.99567    0.99073 +/- 0.00131
       38/1    0.99415    0.99100 +/- 0.00123
       39/1    0.98988    0.99092 +/- 0.00114
       40/1    0.99227    0.99101 +/- 0.00107
       41/1    0.98708    0.99076 +/- 0.00103
       42/1    0.99645    0.99110 +/- 0.00102
       43/1    0.99089    0.99108 +/- 0.00096
       44/1    0.99507    0.99129 +/- 0.00093
       45/1    0.98956    0.99121 +/- 0.00089
       46/1    0.99090    0.99119 +/- 0.00085
       47/1    0.98949    0.99112 +/- 0.00081
       48/1    0.99215    0.99116 +/- 0.00078
       49/1    0.99784    0.99144 +/- 0.00079
       50/1    0.99132    0.99143 +/- 0.00076
       51/1    0.99600    0.99161 +/- 0.00075
       52/1    0.99252    0.99164 +/- 0.00073
       53/1    0.99180    0.99165 +/- 0.00070
       54/1    0.99564    0.99179 +/- 0.00069
       55/1    0.99863    0.99201 +/- 0.00070
       56/1    0.99422    0.99209 +/- 0.00068
       57/1    0.99551    0.99219 +/- 0.00067
       58/1    0.99080    0.99215 +/- 0.00065
       59/1    0.99505    0.99224 +/- 0.00064
       60/1    0.99116    0.99221 +/- 0.00062
       61/1    0.99158    0.99219 +/- 0.00060
       62/1    0.99010    0.99213 +/- 0.00059
       63/1    0.99010    0.99208 +/- 0.00058
       64/1    0.98944    0.99201 +/- 0.00056
       65/1    0.98949    0.99195 +/- 0.00055
       66/1    0.99092    0.99192 +/- 0.00054
       67/1    0.99140    0.99191 +/- 0.00053
       68/1    0.99249    0.99192 +/- 0.00052
       69/1    0.99129    0.99191 +/- 0.00050
       70/1    0.99302    0.99193 +/- 0.00049
       71/1    0.99365    0.99197 +/- 0.00048
       72/1    0.98990    0.99193 +/- 0.00048
       73/1    0.99720    0.99204 +/- 0.00048
       74/1    0.98918    0.99198 +/- 0.00047
       75/1    0.98955    0.99193 +/- 0.00047
       76/1    0.98843    0.99186 +/- 0.00046
       77/1    0.98351    0.99170 +/- 0.00048
       78/1    0.98507    0.99158 +/- 0.00049
       79/1    0.99173    0.99158 +/- 0.00048
       80/1    0.98953    0.99154 +/- 0.00047
       81/1    0.99315    0.99157 +/- 0.00046
       82/1    0.98907    0.99153 +/- 0.00046
       83/1    0.98718    0.99145 +/- 0.00046
       84/1    0.98762    0.99139 +/- 0.00045
       85/1    0.99314    0.99142 +/- 0.00045
       86/1    0.98998    0.99139 +/- 0.00044
       87/1    0.99443    0.99144 +/- 0.00043
       88/1    0.98986    0.99142 +/- 0.00043
       89/1    0.98666    0.99134 +/- 0.00043
       90/1    0.98731    0.99128 +/- 0.00043
       91/1    0.99460    0.99133 +/- 0.00042
       92/1    0.98962    0.99130 +/- 0.00042
       93/1    0.99916    0.99142 +/- 0.00043
       94/1    0.99000    0.99140 +/- 0.00042
       95/1    0.99120    0.99140 +/- 0.00041
       96/1    0.99304    0.99142 +/- 0.00041
       97/1    0.99165    0.99142 +/- 0.00040
       98/1    0.98816    0.99138 +/- 0.00040
       99/1    0.99486    0.99142 +/- 0.00040
      100/1    0.99390    0.99146 +/- 0.00039
 Creating state point statepoint.100.h5...

 =======================>     TIMING STATISTICS     <=======================

 Total time for initialization     =  4.8320E+00 seconds
   Reading cross sections          =  4.6748E+00 seconds
 Total time in simulation          =  4.6486E+02 seconds
   Time in transport only          =  4.5754E+02 seconds
   Time in inactive batches        =  1.4527E+01 seconds
   Time in active batches          =  4.5033E+02 seconds
   Time synchronizing fission bank =  2.0556E+00 seconds
     Sampling source sites         =  1.0036E-01 seconds
     SEND/RECV source sites        =  3.3226E-02 seconds
   Time accumulating tallies       =  1.3539E-03 seconds
 Total time for finalization       =  1.5061E-02 seconds
 Total time elapsed                =  4.6996E+02 seconds
 Calculation Rate (inactive)       =  1.72096E+05 neutrons/second
 Calculation Rate (active)         =  16654.4 neutrons/second

 ============================>     RESULTS     <============================

 k-effective (Collision)     =  0.99154 +/-  0.00033
 k-effective (Track-length)  =  0.99146 +/-  0.00039
 k-effective (Absorption)    =  0.99230 +/-  0.00036
 Combined k-effective        =  0.99188 +/-  0.00025
 Leakage Fraction            =  0.00000 +/-  0.00000


                               %%%%%%%%%%%%%%%
                          %%%%%%%%%%%%%%%%%%%%%%%%
                       %%%%%%%%%%%%%%%%%%%%%%%%%%%%%%
                     %%%%%%%%%%%%%%%%%%%%%%%%%%%%%%%%%%
                   %%%%%%%%%%%%%%%%%%%%%%%%%%%%%%%%%%%%%%
                  %%%%%%%%%%%%%%%%%%%%%%%%%%%%%%%%%%%%%%%%
                                   %%%%%%%%%%%%%%%%%%%%%%%%
                                    %%%%%%%%%%%%%%%%%%%%%%%%
                ###############      %%%%%%%%%%%%%%%%%%%%%%%%
               ##################     %%%%%%%%%%%%%%%%%%%%%%%
               ###################     %%%%%%%%%%%%%%%%%%%%%%%
               ####################     %%%%%%%%%%%%%%%%%%%%%%
               #####################     %%%%%%%%%%%%%%%%%%%%%
               ######################     %%%%%%%%%%%%%%%%%%%%
               #######################     %%%%%%%%%%%%%%%%%%
                #######################     %%%%%%%%%%%%%%%%%
                ######################     %%%%%%%%%%%%%%%%%
                 ####################     %%%%%%%%%%%%%%%%%
                   #################     %%%%%%%%%%%%%%%%%
                    ###############     %%%%%%%%%%%%%%%%
                      ############     %%%%%%%%%%%%%%%
                         ########     %%%%%%%%%%%%%%
                                     %%%%%%%%%%%

                   | The OpenMC Monte Carlo Code
         Copyright | 2011-2018 Massachusetts Institute of Technology
           License | http://openmc.readthedocs.io/en/latest/license.html
           Version | 0.10.0
          Git SHA1 | 52307037799ab7907eafcb91d7c1427f93de2c4a
         Date/Time | 2018-04-01 17:45:54
     MPI Processes | 2
    OpenMP Threads | 56

 Reading settings XML file...
 Reading cross sections XML file...
 Reading materials XML file...
 Reading geometry XML file...
 Building neighboring cells lists for each surface...
 Reading U234 from /home/salcedop/openmc/data/nndc_hdf5/U234.h5
 Loading Multipole XS table:
 /home/salcedop/wmp_data_vector_fitting/Windowed_Multipole_Library_v0.3/092234.h5
 Reading U235 from /home/salcedop/openmc/data/nndc_hdf5/U235.h5
 Loading Multipole XS table:
 /home/salcedop/wmp_data_vector_fitting/Windowed_Multipole_Library_v0.3/092235.h5
 Reading U238 from /home/salcedop/openmc/data/nndc_hdf5/U238.h5
 Loading Multipole XS table:
 /home/salcedop/wmp_data_vector_fitting/Windowed_Multipole_Library_v0.3/092238.h5
 Reading O16 from /home/salcedop/openmc/data/nndc_hdf5/O16.h5
 Loading Multipole XS table:
 /home/salcedop/wmp_data_vector_fitting/Windowed_Multipole_Library_v0.3/008016.h5
 Reading O17 from /home/salcedop/openmc/data/nndc_hdf5/O17.h5
 Loading Multipole XS table:
 /home/salcedop/wmp_data_vector_fitting/Windowed_Multipole_Library_v0.3/008017.h5
 Reading Zr90 from /home/salcedop/openmc/data/nndc_hdf5/Zr90.h5
 Loading Multipole XS table:
 /home/salcedop/wmp_data_vector_fitting/Windowed_Multipole_Library_v0.3/040090.h5
 Reading Zr91 from /home/salcedop/openmc/data/nndc_hdf5/Zr91.h5
 Loading Multipole XS table:
 /home/salcedop/wmp_data_vector_fitting/Windowed_Multipole_Library_v0.3/040091.h5
 Reading Zr92 from /home/salcedop/openmc/data/nndc_hdf5/Zr92.h5
 Loading Multipole XS table:
 /home/salcedop/wmp_data_vector_fitting/Windowed_Multipole_Library_v0.3/040092.h5
 Reading Zr94 from /home/salcedop/openmc/data/nndc_hdf5/Zr94.h5
 Loading Multipole XS table:
 /home/salcedop/wmp_data_vector_fitting/Windowed_Multipole_Library_v0.3/040094.h5
 Reading Zr96 from /home/salcedop/openmc/data/nndc_hdf5/Zr96.h5
 Loading Multipole XS table:
 /home/salcedop/wmp_data_vector_fitting/Windowed_Multipole_Library_v0.3/040096.h5
 Reading C0 from /home/salcedop/openmc/data/nndc_hdf5/C0.h5
 Loading Multipole XS table:
 /home/salcedop/wmp_data_vector_fitting/Windowed_Multipole_Library_v0.3/006000.h5
 Reading c_Graphite from /home/salcedop/openmc/data/nndc_hdf5/c_Graphite.h5
 Maximum neutron transport energy: 2.00000E+07 eV for U235
 Reading tallies XML file...
 Writing summary.h5 file...
 Initializing source particles...

 ====================>     K EIGENVALUE SIMULATION     <====================

  Bat./Gen.      k            Average k         
  =========   ========   ====================   
        1/1    0.92245                       
        2/1    0.92203                       
        3/1    0.92224                       
        4/1    0.91835                       
        5/1    0.92165                       
        6/1    0.92218                       
        7/1    0.92247                       
        8/1    0.91515                       
        9/1    0.92157                       
       10/1    0.91689                       
       11/1    0.92070                       
       12/1    0.91889                       
       13/1    0.92144                       
       14/1    0.91917                       
       15/1    0.91688                       
       16/1    0.92072                       
       17/1    0.91607                       
       18/1    0.91823                       
       19/1    0.92172                       
       20/1    0.91877                       
       21/1    0.91957                       
       22/1    0.91820                       
       23/1    0.92061                       
       24/1    0.91759                       
       25/1    0.91878                       
       26/1    0.92506                       
       27/1    0.92058    0.92282 +/- 0.00224
       28/1    0.92376    0.92313 +/- 0.00133
       29/1    0.91921    0.92215 +/- 0.00136
       30/1    0.91619    0.92096 +/- 0.00159
       31/1    0.92291    0.92128 +/- 0.00134
       32/1    0.92015    0.92112 +/- 0.00114
       33/1    0.90881    0.91958 +/- 0.00183
       34/1    0.91686    0.91928 +/- 0.00164
       35/1    0.91772    0.91912 +/- 0.00148
       36/1    0.92106    0.91930 +/- 0.00135
       37/1    0.91865    0.91924 +/- 0.00123
       38/1    0.91769    0.91912 +/- 0.00114
       39/1    0.91703    0.91898 +/- 0.00107
       40/1    0.92254    0.91921 +/- 0.00102
       41/1    0.92142    0.91935 +/- 0.00096
       42/1    0.91777    0.91926 +/- 0.00091
       43/1    0.91812    0.91919 +/- 0.00086
       44/1    0.92149    0.91931 +/- 0.00082
       45/1    0.91904    0.91930 +/- 0.00078
       46/1    0.91871    0.91927 +/- 0.00074
       47/1    0.91915    0.91927 +/- 0.00071
       48/1    0.91707    0.91917 +/- 0.00068
       49/1    0.91978    0.91920 +/- 0.00065
       50/1    0.92217    0.91932 +/- 0.00064
       51/1    0.92211    0.91942 +/- 0.00062
       52/1    0.92212    0.91952 +/- 0.00061
       53/1    0.91786    0.91946 +/- 0.00059
       54/1    0.92034    0.91949 +/- 0.00057
       55/1    0.92186    0.91957 +/- 0.00056
       56/1    0.92111    0.91962 +/- 0.00054
       57/1    0.91855    0.91959 +/- 0.00052
       58/1    0.91723    0.91952 +/- 0.00051
       59/1    0.91648    0.91943 +/- 0.00051
       60/1    0.91825    0.91940 +/- 0.00049
       61/1    0.92471    0.91954 +/- 0.00050
       62/1    0.92585    0.91971 +/- 0.00052
       63/1    0.91874    0.91969 +/- 0.00050
       64/1    0.92334    0.91978 +/- 0.00050
       65/1    0.92427    0.91989 +/- 0.00050
       66/1    0.91732    0.91983 +/- 0.00049
       67/1    0.92690    0.92000 +/- 0.00051
       68/1    0.91654    0.91992 +/- 0.00050
       69/1    0.91921    0.91990 +/- 0.00049
       70/1    0.91434    0.91978 +/- 0.00050
       71/1    0.91646    0.91971 +/- 0.00049
       72/1    0.92608    0.91984 +/- 0.00050
       73/1    0.91842    0.91981 +/- 0.00049
       74/1    0.91820    0.91978 +/- 0.00048
       75/1    0.92361    0.91986 +/- 0.00048
       76/1    0.91896    0.91984 +/- 0.00047
       77/1    0.92034    0.91985 +/- 0.00046
       78/1    0.91967    0.91985 +/- 0.00045
       79/1    0.91565    0.91977 +/- 0.00045
       80/1    0.91851    0.91974 +/- 0.00044
       81/1    0.92146    0.91978 +/- 0.00043
       82/1    0.91782    0.91974 +/- 0.00043
       83/1    0.91525    0.91966 +/- 0.00043
       84/1    0.91617    0.91960 +/- 0.00042
       85/1    0.92142    0.91963 +/- 0.00042
       86/1    0.91745    0.91960 +/- 0.00041
       87/1    0.91988    0.91960 +/- 0.00041
       88/1    0.91870    0.91959 +/- 0.00040
       89/1    0.91947    0.91959 +/- 0.00039
       90/1    0.92396    0.91965 +/- 0.00039
       91/1    0.92167    0.91969 +/- 0.00039
       92/1    0.91861    0.91967 +/- 0.00038
       93/1    0.91864    0.91965 +/- 0.00038
       94/1    0.91739    0.91962 +/- 0.00037
       95/1    0.92495    0.91970 +/- 0.00038
       96/1    0.92089    0.91971 +/- 0.00037
       97/1    0.92141    0.91974 +/- 0.00037
       98/1    0.92066    0.91975 +/- 0.00036
       99/1    0.91783    0.91972 +/- 0.00036
      100/1    0.91814    0.91970 +/- 0.00035
 Creating state point statepoint.100.h5...

 =======================>     TIMING STATISTICS     <=======================

 Total time for initialization     =  6.2410E+00 seconds
   Reading cross sections          =  5.5836E+00 seconds
 Total time in simulation          =  5.8244E+02 seconds
   Time in transport only          =  5.7420E+02 seconds
   Time in inactive batches        =  1.6833E+01 seconds
   Time in active batches          =  5.6561E+02 seconds
   Time synchronizing fission bank =  2.7285E+00 seconds
     Sampling source sites         =  1.0455E-01 seconds
     SEND/RECV source sites        =  3.3814E-02 seconds
   Time accumulating tallies       =  1.3205E-03 seconds
 Total time for finalization       =  2.2005E-03 seconds
 Total time elapsed                =  5.8895E+02 seconds
 Calculation Rate (inactive)       =  1.48515E+05 neutrons/second
 Calculation Rate (active)         =  13260.0 neutrons/second

 ============================>     RESULTS     <============================

 k-effective (Collision)     =  0.91955 +/-  0.00034
 k-effective (Track-length)  =  0.91970 +/-  0.00035
 k-effective (Absorption)    =  0.92002 +/-  0.00036
 Combined k-effective        =  0.91981 +/-  0.00024
 Leakage Fraction            =  0.00000 +/-  0.00000

[[[ 0.49343  0.       0.       0.       0.     ]]

 [[ 0.93053  0.       0.       0.       0.     ]]

 [[ 1.022    0.       0.       0.       0.     ]]

 [[ 0.99188  0.       0.       0.       0.     ]]

 [[ 0.91981  0.       0.       0.       0.     ]]]
