Iteration: 1; Guess of 1.50e+03 produced a keff of 0.91024 +/- 0.00024
Iteration: 2; Guess of 1.50e+03 produced a keff of 0.91090 +/- 0.00022
Iteration: 3; Guess of 1.52e+03 produced a keff of 0.90759 +/- 0.00024
Iteration: 4; Guess of 9.58e+02 produced a keff of 1.00717 +/- 0.00025
Iteration: 5; Guess of 9.98e+02 produced a keff of 0.99935 +/- 0.00021
Iteration: 6; Guess of 9.95e+02 produced a keff of 1.00006 +/- 0.00025
Iteration: 7; Guess of 9.95e+02 produced a keff of 0.99998 +/- 0.00022
Iteration: 8; Guess of 9.95e+02 produced a keff of 0.99997 +/- 0.00028
Iteration: 9; Guess of 9.95e+02 produced a keff of 0.99969 +/- 0.00023
Iteration: 10; Guess of 9.95e+02 produced a keff of 1.00012 +/- 0.00026
Iteration: 11; Guess of 9.95e+02 produced a keff of 1.00024 +/- 0.00023
Iteration: 12; Guess of 9.95e+02 produced a keff of 0.99975 +/- 0.00024
Iteration: 13; Guess of 9.95e+02 produced a keff of 0.99953 +/- 0.00028
Iteration: 14; Guess of 9.95e+02 produced a keff of 0.99968 +/- 0.00023
Iteration: 15; Guess of 9.95e+02 produced a keff of 0.99992 +/- 0.00025
Iteration: 16; Guess of 9.95e+02 produced a keff of 0.99962 +/- 0.00024
Iteration: 17; Guess of 9.95e+02 produced a keff of 0.99987 +/- 0.00026
Iteration: 18; Guess of 9.95e+02 produced a keff of 1.00013 +/- 0.00024
Iteration: 19; Guess of 9.95e+02 produced a keff of 1.00010 +/- 0.00024
Iteration: 20; Guess of 9.95e+02 produced a keff of 0.99996 +/- 0.00022
Iteration: 21; Guess of 9.95e+02 produced a keff of 1.00015 +/- 0.00022
Iteration: 22; Guess of 9.95e+02 produced a keff of 1.00002 +/- 0.00023
Critical Variable Concentration: 995.0385300127376

                               %%%%%%%%%%%%%%%
                          %%%%%%%%%%%%%%%%%%%%%%%%
                       %%%%%%%%%%%%%%%%%%%%%%%%%%%%%%
                     %%%%%%%%%%%%%%%%%%%%%%%%%%%%%%%%%%
                   %%%%%%%%%%%%%%%%%%%%%%%%%%%%%%%%%%%%%%
                  %%%%%%%%%%%%%%%%%%%%%%%%%%%%%%%%%%%%%%%%
                                   %%%%%%%%%%%%%%%%%%%%%%%%
                                    %%%%%%%%%%%%%%%%%%%%%%%%
                ###############      %%%%%%%%%%%%%%%%%%%%%%%%
               ##################     %%%%%%%%%%%%%%%%%%%%%%%
               ###################     %%%%%%%%%%%%%%%%%%%%%%%
               ####################     %%%%%%%%%%%%%%%%%%%%%%
               #####################     %%%%%%%%%%%%%%%%%%%%%
               ######################     %%%%%%%%%%%%%%%%%%%%
               #######################     %%%%%%%%%%%%%%%%%%
                #######################     %%%%%%%%%%%%%%%%%
                ######################     %%%%%%%%%%%%%%%%%
                 ####################     %%%%%%%%%%%%%%%%%
                   #################     %%%%%%%%%%%%%%%%%
                    ###############     %%%%%%%%%%%%%%%%
                      ############     %%%%%%%%%%%%%%%
                         ########     %%%%%%%%%%%%%%
                                     %%%%%%%%%%%

                   | The OpenMC Monte Carlo Code
         Copyright | 2011-2018 Massachusetts Institute of Technology
           License | http://openmc.readthedocs.io/en/latest/license.html
           Version | 0.10.0
          Git SHA1 | 52307037799ab7907eafcb91d7c1427f93de2c4a
         Date/Time | 2018-04-01 19:59:52
     MPI Processes | 2
    OpenMP Threads | 56

 Reading settings XML file...
 Reading cross sections XML file...
 Reading materials XML file...
 Reading geometry XML file...
 Building neighboring cells lists for each surface...
 Reading U234 from /home/salcedop/openmc/data/nndc_hdf5/U234.h5
 Loading Multipole XS table:
 /home/salcedop/wmp_data_vector_fitting/Windowed_Multipole_Library_v0.3/092234.h5
 Reading U235 from /home/salcedop/openmc/data/nndc_hdf5/U235.h5
 Loading Multipole XS table:
 /home/salcedop/wmp_data_vector_fitting/Windowed_Multipole_Library_v0.3/092235.h5
 Reading U238 from /home/salcedop/openmc/data/nndc_hdf5/U238.h5
 Loading Multipole XS table:
 /home/salcedop/wmp_data_vector_fitting/Windowed_Multipole_Library_v0.3/092238.h5
 Reading U236 from /home/salcedop/openmc/data/nndc_hdf5/U236.h5
 Loading Multipole XS table:
 /home/salcedop/wmp_data_vector_fitting/Windowed_Multipole_Library_v0.3/092236.h5
 Reading O16 from /home/salcedop/openmc/data/nndc_hdf5/O16.h5
 Loading Multipole XS table:
 /home/salcedop/wmp_data_vector_fitting/Windowed_Multipole_Library_v0.3/008016.h5
 Reading O17 from /home/salcedop/openmc/data/nndc_hdf5/O17.h5
 Loading Multipole XS table:
 /home/salcedop/wmp_data_vector_fitting/Windowed_Multipole_Library_v0.3/008017.h5
 Reading Dy156 from /home/salcedop/openmc/data/nndc_hdf5/Dy156.h5
 Loading Multipole XS table:
 /home/salcedop/wmp_data_vector_fitting/Windowed_Multipole_Library_v0.3/066156.h5
 Reading Dy158 from /home/salcedop/openmc/data/nndc_hdf5/Dy158.h5
 Loading Multipole XS table:
 /home/salcedop/wmp_data_vector_fitting/Windowed_Multipole_Library_v0.3/066158.h5
 Reading Dy160 from /home/salcedop/openmc/data/nndc_hdf5/Dy160.h5
 Loading Multipole XS table:
 /home/salcedop/wmp_data_vector_fitting/Windowed_Multipole_Library_v0.3/066160.h5
 Reading Dy161 from /home/salcedop/openmc/data/nndc_hdf5/Dy161.h5
 Loading Multipole XS table:
 /home/salcedop/wmp_data_vector_fitting/Windowed_Multipole_Library_v0.3/066161.h5
 Reading Dy162 from /home/salcedop/openmc/data/nndc_hdf5/Dy162.h5
 Loading Multipole XS table:
 /home/salcedop/wmp_data_vector_fitting/Windowed_Multipole_Library_v0.3/066162.h5
 Reading Dy163 from /home/salcedop/openmc/data/nndc_hdf5/Dy163.h5
 Loading Multipole XS table:
 /home/salcedop/wmp_data_vector_fitting/Windowed_Multipole_Library_v0.3/066163.h5
 Reading Dy164 from /home/salcedop/openmc/data/nndc_hdf5/Dy164.h5
 Loading Multipole XS table:
 /home/salcedop/wmp_data_vector_fitting/Windowed_Multipole_Library_v0.3/066164.h5
 Reading Zr90 from /home/salcedop/openmc/data/nndc_hdf5/Zr90.h5
 Loading Multipole XS table:
 /home/salcedop/wmp_data_vector_fitting/Windowed_Multipole_Library_v0.3/040090.h5
 Reading Zr91 from /home/salcedop/openmc/data/nndc_hdf5/Zr91.h5
 Loading Multipole XS table:
 /home/salcedop/wmp_data_vector_fitting/Windowed_Multipole_Library_v0.3/040091.h5
 Reading Zr92 from /home/salcedop/openmc/data/nndc_hdf5/Zr92.h5
 Loading Multipole XS table:
 /home/salcedop/wmp_data_vector_fitting/Windowed_Multipole_Library_v0.3/040092.h5
 Reading Zr94 from /home/salcedop/openmc/data/nndc_hdf5/Zr94.h5
 Loading Multipole XS table:
 /home/salcedop/wmp_data_vector_fitting/Windowed_Multipole_Library_v0.3/040094.h5
 Reading Zr96 from /home/salcedop/openmc/data/nndc_hdf5/Zr96.h5
 Loading Multipole XS table:
 /home/salcedop/wmp_data_vector_fitting/Windowed_Multipole_Library_v0.3/040096.h5
 Reading H2 from /home/salcedop/openmc/data/nndc_hdf5/H2.h5
 Loading Multipole XS table:
 /home/salcedop/wmp_data_vector_fitting/Windowed_Multipole_Library_v0.3/001002.h5
 Reading c_D_in_D2O from /home/salcedop/openmc/data/nndc_hdf5/c_D_in_D2O.h5
 Maximum neutron transport energy: 2.00000E+07 eV for U235
 Writing summary.h5 file...
 Initializing source particles...

 ====================>     K EIGENVALUE SIMULATION     <====================

  Bat./Gen.      k            Average k         
  =========   ========   ====================   
        1/1    0.99392                       
        2/1    1.00148                       
        3/1    1.00168                       
        4/1    0.99644                       
        5/1    0.99816                       
        6/1    0.99894                       
        7/1    0.99832                       
        8/1    1.00129                       
        9/1    1.00068                       
       10/1    1.00157                       
       11/1    1.00182                       
       12/1    1.00148                       
       13/1    0.99849                       
       14/1    0.99758                       
       15/1    1.00435                       
       16/1    1.00334                       
       17/1    1.00231                       
       18/1    0.99826                       
       19/1    0.99774                       
       20/1    1.00135                       
       21/1    0.99797                       
       22/1    1.00357                       
       23/1    1.00100                       
       24/1    1.00614                       
       25/1    0.99907                       
       26/1    1.00091                       
       27/1    1.00125    1.00108 +/- 0.00017
       28/1    0.99976    1.00064 +/- 0.00045
       29/1    1.00147    1.00085 +/- 0.00038
       30/1    1.00033    1.00074 +/- 0.00031
       31/1    0.99714    1.00014 +/- 0.00065
       32/1    0.99944    1.00004 +/- 0.00056
       33/1    0.99918    0.99993 +/- 0.00050
       34/1    0.99823    0.99975 +/- 0.00048
       35/1    1.00407    1.00018 +/- 0.00061
       36/1    0.99720    0.99991 +/- 0.00061
       37/1    0.99745    0.99970 +/- 0.00060
       38/1    1.00433    1.00006 +/- 0.00065
       39/1    0.99512    0.99971 +/- 0.00070
       40/1    0.99598    0.99946 +/- 0.00070
       41/1    1.00424    0.99976 +/- 0.00072
       42/1    1.00274    0.99993 +/- 0.00070
       43/1    1.00125    1.00000 +/- 0.00066
       44/1    0.99837    0.99992 +/- 0.00063
       45/1    0.99818    0.99983 +/- 0.00061
       46/1    0.99822    0.99975 +/- 0.00058
       47/1    1.00345    0.99992 +/- 0.00058
       48/1    0.99959    0.99991 +/- 0.00055
       49/1    0.99968    0.99990 +/- 0.00053
       50/1    1.00333    1.00004 +/- 0.00053
       51/1    0.99948    1.00001 +/- 0.00051
       52/1    1.00259    1.00011 +/- 0.00050
       53/1    1.00312    1.00022 +/- 0.00049
       54/1    1.00166    1.00027 +/- 0.00048
       55/1    1.00132    1.00030 +/- 0.00046
       56/1    1.00061    1.00031 +/- 0.00045
       57/1    0.99967    1.00029 +/- 0.00043
       58/1    1.00466    1.00043 +/- 0.00044
       59/1    1.00264    1.00049 +/- 0.00043
       60/1    1.00129    1.00051 +/- 0.00042
       61/1    1.00302    1.00058 +/- 0.00041
       62/1    1.00086    1.00059 +/- 0.00040
       63/1    0.99660    1.00049 +/- 0.00041
       64/1    1.00323    1.00056 +/- 0.00040
       65/1    1.00388    1.00064 +/- 0.00040
       66/1    1.00059    1.00064 +/- 0.00039
       67/1    0.99684    1.00055 +/- 0.00039
       68/1    1.00095    1.00056 +/- 0.00038
       69/1    0.99506    1.00043 +/- 0.00039
       70/1    0.99700    1.00035 +/- 0.00039
       71/1    1.00171    1.00038 +/- 0.00038
       72/1    1.00110    1.00040 +/- 0.00038
       73/1    1.00147    1.00042 +/- 0.00037
       74/1    1.00143    1.00044 +/- 0.00036
       75/1    1.00467    1.00053 +/- 0.00036
       76/1    0.99753    1.00047 +/- 0.00036
       77/1    0.99850    1.00043 +/- 0.00036
       78/1    1.00076    1.00044 +/- 0.00035
       79/1    1.00297    1.00048 +/- 0.00035
       80/1    1.00750    1.00061 +/- 0.00036
       81/1    1.00252    1.00065 +/- 0.00036
       82/1    0.99553    1.00056 +/- 0.00036
       83/1    1.00347    1.00061 +/- 0.00036
       84/1    1.00499    1.00068 +/- 0.00036
       85/1    1.00357    1.00073 +/- 0.00036
       86/1    0.99886    1.00070 +/- 0.00036
       87/1    0.99812    1.00066 +/- 0.00035
       88/1    1.00489    1.00072 +/- 0.00035
       89/1    1.00112    1.00073 +/- 0.00035
       90/1    0.99385    1.00062 +/- 0.00036
       91/1    0.99473    1.00053 +/- 0.00036
       92/1    0.99737    1.00049 +/- 0.00036
       93/1    0.99983    1.00048 +/- 0.00036
       94/1    1.00617    1.00056 +/- 0.00036
       95/1    0.99931    1.00054 +/- 0.00036
       96/1    0.99649    1.00049 +/- 0.00036
       97/1    0.99316    1.00038 +/- 0.00036
       98/1    1.00220    1.00041 +/- 0.00036
       99/1    1.00213    1.00043 +/- 0.00036
      100/1    1.00224    1.00046 +/- 0.00035
 Creating state point statepoint.100.h5...

 =======================>     TIMING STATISTICS     <=======================

 Total time for initialization     =  1.0649E+01 seconds
   Reading cross sections          =  1.0495E+01 seconds
 Total time in simulation          =  8.8983E+01 seconds
   Time in transport only          =  8.4675E+01 seconds
   Time in inactive batches        =  2.1992E+01 seconds
   Time in active batches          =  6.6991E+01 seconds
   Time synchronizing fission bank =  2.3253E-01 seconds
     Sampling source sites         =  1.0383E-01 seconds
     SEND/RECV source sites        =  3.4631E-02 seconds
   Time accumulating tallies       =  6.9516E-04 seconds
 Total time for finalization       =  1.3033E-02 seconds
 Total time elapsed                =  9.9915E+01 seconds
 Calculation Rate (inactive)       =  1.13677E+05 neutrons/second
 Calculation Rate (active)         =  1.11956E+05 neutrons/second

 ============================>     RESULTS     <============================

 k-effective (Collision)     =  1.00012 +/-  0.00029
 k-effective (Track-length)  =  1.00046 +/-  0.00035
 k-effective (Absorption)    =  0.99987 +/-  0.00035
 Combined k-effective        =  1.00002 +/-  0.00023
 Leakage Fraction            =  0.00000 +/-  0.00000

