Iteration: 1; Guess of 1.50e+03 produced a keff of 0.90936 +/- 0.00025
Iteration: 2; Guess of 1.50e+03 produced a keff of 0.90987 +/- 0.00024
Iteration: 3; Guess of 1.53e+03 produced a keff of 0.90527 +/- 0.00022
Iteration: 4; Guess of 9.78e+02 produced a keff of 1.00281 +/- 0.00025
Iteration: 5; Guess of 9.94e+02 produced a keff of 0.99986 +/- 0.00025
Iteration: 6; Guess of 9.93e+02 produced a keff of 1.00019 +/- 0.00026
Iteration: 7; Guess of 9.93e+02 produced a keff of 0.99967 +/- 0.00024
Iteration: 8; Guess of 9.93e+02 produced a keff of 1.00021 +/- 0.00023
Iteration: 9; Guess of 9.93e+02 produced a keff of 0.99976 +/- 0.00022
Iteration: 10; Guess of 9.93e+02 produced a keff of 1.00016 +/- 0.00024
Iteration: 11; Guess of 9.93e+02 produced a keff of 0.99993 +/- 0.00024
Critical Variable Concentration: 993.0953822814993

                               %%%%%%%%%%%%%%%
                          %%%%%%%%%%%%%%%%%%%%%%%%
                       %%%%%%%%%%%%%%%%%%%%%%%%%%%%%%
                     %%%%%%%%%%%%%%%%%%%%%%%%%%%%%%%%%%
                   %%%%%%%%%%%%%%%%%%%%%%%%%%%%%%%%%%%%%%
                  %%%%%%%%%%%%%%%%%%%%%%%%%%%%%%%%%%%%%%%%
                                   %%%%%%%%%%%%%%%%%%%%%%%%
                                    %%%%%%%%%%%%%%%%%%%%%%%%
                ###############      %%%%%%%%%%%%%%%%%%%%%%%%
               ##################     %%%%%%%%%%%%%%%%%%%%%%%
               ###################     %%%%%%%%%%%%%%%%%%%%%%%
               ####################     %%%%%%%%%%%%%%%%%%%%%%
               #####################     %%%%%%%%%%%%%%%%%%%%%
               ######################     %%%%%%%%%%%%%%%%%%%%
               #######################     %%%%%%%%%%%%%%%%%%
                #######################     %%%%%%%%%%%%%%%%%
                ######################     %%%%%%%%%%%%%%%%%
                 ####################     %%%%%%%%%%%%%%%%%
                   #################     %%%%%%%%%%%%%%%%%
                    ###############     %%%%%%%%%%%%%%%%
                      ############     %%%%%%%%%%%%%%%
                         ########     %%%%%%%%%%%%%%
                                     %%%%%%%%%%%

                   | The OpenMC Monte Carlo Code
         Copyright | 2011-2018 Massachusetts Institute of Technology
           License | http://openmc.readthedocs.io/en/latest/license.html
           Version | 0.10.0
          Git SHA1 | 52307037799ab7907eafcb91d7c1427f93de2c4a
         Date/Time | 2018-04-02 01:43:19
     MPI Processes | 2
    OpenMP Threads | 56

 Reading settings XML file...
 Reading cross sections XML file...
 Reading materials XML file...
 Reading geometry XML file...
 Building neighboring cells lists for each surface...
 Reading U234 from /home/salcedop/openmc/data/nndc_hdf5/U234.h5
 Loading Multipole XS table:
 /home/salcedop/wmp_data_vector_fitting/Windowed_Multipole_Library_v0.3/092234.h5
 Reading U235 from /home/salcedop/openmc/data/nndc_hdf5/U235.h5
 Loading Multipole XS table:
 /home/salcedop/wmp_data_vector_fitting/Windowed_Multipole_Library_v0.3/092235.h5
 Reading U238 from /home/salcedop/openmc/data/nndc_hdf5/U238.h5
 Loading Multipole XS table:
 /home/salcedop/wmp_data_vector_fitting/Windowed_Multipole_Library_v0.3/092238.h5
 Reading U236 from /home/salcedop/openmc/data/nndc_hdf5/U236.h5
 Loading Multipole XS table:
 /home/salcedop/wmp_data_vector_fitting/Windowed_Multipole_Library_v0.3/092236.h5
 Reading O16 from /home/salcedop/openmc/data/nndc_hdf5/O16.h5
 Loading Multipole XS table:
 /home/salcedop/wmp_data_vector_fitting/Windowed_Multipole_Library_v0.3/008016.h5
 Reading O17 from /home/salcedop/openmc/data/nndc_hdf5/O17.h5
 Loading Multipole XS table:
 /home/salcedop/wmp_data_vector_fitting/Windowed_Multipole_Library_v0.3/008017.h5
 Reading Dy156 from /home/salcedop/openmc/data/nndc_hdf5/Dy156.h5
 Loading Multipole XS table:
 /home/salcedop/wmp_data_vector_fitting/Windowed_Multipole_Library_v0.3/066156.h5
 Reading Dy158 from /home/salcedop/openmc/data/nndc_hdf5/Dy158.h5
 Loading Multipole XS table:
 /home/salcedop/wmp_data_vector_fitting/Windowed_Multipole_Library_v0.3/066158.h5
 Reading Dy160 from /home/salcedop/openmc/data/nndc_hdf5/Dy160.h5
 Loading Multipole XS table:
 /home/salcedop/wmp_data_vector_fitting/Windowed_Multipole_Library_v0.3/066160.h5
 Reading Dy161 from /home/salcedop/openmc/data/nndc_hdf5/Dy161.h5
 Loading Multipole XS table:
 /home/salcedop/wmp_data_vector_fitting/Windowed_Multipole_Library_v0.3/066161.h5
 Reading Dy162 from /home/salcedop/openmc/data/nndc_hdf5/Dy162.h5
 Loading Multipole XS table:
 /home/salcedop/wmp_data_vector_fitting/Windowed_Multipole_Library_v0.3/066162.h5
 Reading Dy163 from /home/salcedop/openmc/data/nndc_hdf5/Dy163.h5
 Loading Multipole XS table:
 /home/salcedop/wmp_data_vector_fitting/Windowed_Multipole_Library_v0.3/066163.h5
 Reading Dy164 from /home/salcedop/openmc/data/nndc_hdf5/Dy164.h5
 Loading Multipole XS table:
 /home/salcedop/wmp_data_vector_fitting/Windowed_Multipole_Library_v0.3/066164.h5
 Reading Zr90 from /home/salcedop/openmc/data/nndc_hdf5/Zr90.h5
 Loading Multipole XS table:
 /home/salcedop/wmp_data_vector_fitting/Windowed_Multipole_Library_v0.3/040090.h5
 Reading Zr91 from /home/salcedop/openmc/data/nndc_hdf5/Zr91.h5
 Loading Multipole XS table:
 /home/salcedop/wmp_data_vector_fitting/Windowed_Multipole_Library_v0.3/040091.h5
 Reading Zr92 from /home/salcedop/openmc/data/nndc_hdf5/Zr92.h5
 Loading Multipole XS table:
 /home/salcedop/wmp_data_vector_fitting/Windowed_Multipole_Library_v0.3/040092.h5
 Reading Zr94 from /home/salcedop/openmc/data/nndc_hdf5/Zr94.h5
 Loading Multipole XS table:
 /home/salcedop/wmp_data_vector_fitting/Windowed_Multipole_Library_v0.3/040094.h5
 Reading Zr96 from /home/salcedop/openmc/data/nndc_hdf5/Zr96.h5
 Loading Multipole XS table:
 /home/salcedop/wmp_data_vector_fitting/Windowed_Multipole_Library_v0.3/040096.h5
 Reading H2 from /home/salcedop/openmc/data/nndc_hdf5/H2.h5
 Loading Multipole XS table:
 /home/salcedop/wmp_data_vector_fitting/Windowed_Multipole_Library_v0.3/001002.h5
 Reading c_D_in_D2O from /home/salcedop/openmc/data/nndc_hdf5/c_D_in_D2O.h5
 Maximum neutron transport energy: 2.00000E+07 eV for U235
 Writing summary.h5 file...
 Initializing source particles...

 ====================>     K EIGENVALUE SIMULATION     <====================

  Bat./Gen.      k            Average k         
  =========   ========   ====================   
        1/1    1.00455                       
        2/1    0.99287                       
        3/1    1.00667                       
        4/1    0.99947                       
        5/1    1.00269                       
        6/1    1.00031                       
        7/1    0.99913                       
        8/1    0.99697                       
        9/1    0.99843                       
       10/1    0.99416                       
       11/1    1.00187                       
       12/1    0.99722                       
       13/1    0.99407                       
       14/1    1.00034                       
       15/1    1.00398                       
       16/1    1.00005                       
       17/1    1.00143                       
       18/1    0.99970                       
       19/1    0.99994                       
       20/1    1.00249                       
       21/1    0.99891                       
       22/1    0.99036                       
       23/1    0.99994                       
       24/1    0.99910                       
       25/1    1.00489                       
       26/1    0.99569                       
       27/1    1.00315    0.99942 +/- 0.00373
       28/1    1.00129    1.00004 +/- 0.00224
       29/1    0.99732    0.99936 +/- 0.00172
       30/1    1.00269    1.00003 +/- 0.00149
       31/1    0.99588    0.99934 +/- 0.00140
       32/1    1.00071    0.99953 +/- 0.00120
       33/1    0.99499    0.99897 +/- 0.00118
       34/1    1.00040    0.99913 +/- 0.00106
       35/1    0.99830    0.99904 +/- 0.00095
       36/1    1.00161    0.99928 +/- 0.00089
       37/1    1.00054    0.99938 +/- 0.00082
       38/1    0.99716    0.99921 +/- 0.00077
       39/1    1.00136    0.99936 +/- 0.00073
       40/1    1.00264    0.99958 +/- 0.00071
       41/1    0.99718    0.99943 +/- 0.00069
       42/1    0.99433    0.99913 +/- 0.00071
       43/1    1.00149    0.99926 +/- 0.00068
       44/1    0.99429    0.99900 +/- 0.00070
       45/1    0.99776    0.99894 +/- 0.00066
       46/1    1.00159    0.99907 +/- 0.00064
       47/1    0.99818    0.99903 +/- 0.00061
       48/1    1.00298    0.99920 +/- 0.00061
       49/1    1.00047    0.99925 +/- 0.00059
       50/1    1.00265    0.99939 +/- 0.00058
       51/1    1.00089    0.99944 +/- 0.00056
       52/1    0.99811    0.99940 +/- 0.00054
       53/1    1.00244    0.99950 +/- 0.00053
       54/1    0.99874    0.99948 +/- 0.00052
       55/1    0.99738    0.99941 +/- 0.00050
       56/1    1.00125    0.99947 +/- 0.00049
       57/1    1.00101    0.99952 +/- 0.00048
       58/1    0.99456    0.99937 +/- 0.00049
       59/1    1.00067    0.99940 +/- 0.00047
       60/1    0.99859    0.99938 +/- 0.00046
       61/1    1.00131    0.99943 +/- 0.00045
       62/1    1.00205    0.99950 +/- 0.00044
       63/1    1.00028    0.99953 +/- 0.00043
       64/1    1.00174    0.99958 +/- 0.00042
       65/1    1.00031    0.99960 +/- 0.00041
       66/1    1.00010    0.99961 +/- 0.00040
       67/1    0.99572    0.99952 +/- 0.00041
       68/1    1.00159    0.99957 +/- 0.00040
       69/1    0.99889    0.99955 +/- 0.00039
       70/1    0.99857    0.99953 +/- 0.00038
       71/1    0.99364    0.99940 +/- 0.00039
       72/1    0.99743    0.99936 +/- 0.00039
       73/1    0.99920    0.99936 +/- 0.00038
       74/1    1.00163    0.99940 +/- 0.00038
       75/1    0.99558    0.99933 +/- 0.00038
       76/1    1.00466    0.99943 +/- 0.00038
       77/1    0.99659    0.99938 +/- 0.00038
       78/1    0.99767    0.99934 +/- 0.00037
       79/1    1.00489    0.99945 +/- 0.00038
       80/1    1.00209    0.99950 +/- 0.00038
       81/1    1.00625    0.99962 +/- 0.00039
       82/1    1.00205    0.99966 +/- 0.00038
       83/1    0.99302    0.99954 +/- 0.00039
       84/1    1.00036    0.99956 +/- 0.00039
       85/1    1.00127    0.99959 +/- 0.00038
       86/1    1.00246    0.99963 +/- 0.00038
       87/1    0.99735    0.99960 +/- 0.00038
       88/1    1.00288    0.99965 +/- 0.00037
       89/1    0.99908    0.99964 +/- 0.00037
       90/1    1.00515    0.99973 +/- 0.00037
       91/1    1.00361    0.99978 +/- 0.00037
       92/1    0.99699    0.99974 +/- 0.00037
       93/1    1.00126    0.99976 +/- 0.00036
       94/1    0.99478    0.99969 +/- 0.00036
       95/1    1.00349    0.99975 +/- 0.00036
       96/1    0.99851    0.99973 +/- 0.00036
       97/1    0.99539    0.99967 +/- 0.00036
       98/1    0.99841    0.99965 +/- 0.00035
       99/1    1.00002    0.99966 +/- 0.00035
      100/1    0.99959    0.99966 +/- 0.00034
 Creating state point statepoint.100.h5...

 =======================>     TIMING STATISTICS     <=======================

 Total time for initialization     =  1.2876E+01 seconds
   Reading cross sections          =  1.2702E+01 seconds
 Total time in simulation          =  7.5373E+01 seconds
   Time in transport only          =  7.0247E+01 seconds
   Time in inactive batches        =  1.8955E+01 seconds
   Time in active batches          =  5.6417E+01 seconds
   Time synchronizing fission bank =  2.3487E+00 seconds
     Sampling source sites         =  1.0235E-01 seconds
     SEND/RECV source sites        =  3.3569E-02 seconds
   Time accumulating tallies       =  7.4532E-04 seconds
 Total time for finalization       =  2.3542E-04 seconds
 Total time elapsed                =  8.8559E+01 seconds
 Calculation Rate (inactive)       =  1.31889E+05 neutrons/second
 Calculation Rate (active)         =  1.32938E+05 neutrons/second

 ============================>     RESULTS     <============================

 k-effective (Collision)     =  0.99980 +/-  0.00029
 k-effective (Track-length)  =  0.99966 +/-  0.00034
 k-effective (Absorption)    =  1.00018 +/-  0.00036
 Combined k-effective        =  0.99993 +/-  0.00024
 Leakage Fraction            =  0.00000 +/-  0.00000

